<?xml version="1.0" encoding="UTF-8"?>
<coverage generated="1664933744501" clover="3.2.0">
  <project timestamp="1664933744501" name="All files">
    <metrics statements="31" coveredstatements="31" conditionals="35" coveredconditionals="31" methods="3" coveredmethods="3" elements="69" coveredelements="65" complexity="0" loc="31" ncloc="31" packages="1" files="1" classes="1"/>
    <file name="gilded_rose.js" path="/Users/johnnywu/Documents/take-home-interview/js-jest/src/gilded_rose.js">
      <metrics statements="31" coveredstatements="31" conditionals="35" coveredconditionals="31" methods="3" coveredmethods="3"/>
      <line num="3" count="13" type="stmt"/>
      <line num="4" count="13" type="stmt"/>
      <line num="5" count="13" type="stmt"/>
      <line num="11" count="13" type="stmt"/>
      <line num="14" count="13" type="stmt"/>
      <line num="15" count="13" type="cond" truecount="2" falsecount="0"/>
      <line num="16" count="2" type="stmt"/>
      <line num="20" count="13" type="cond" truecount="2" falsecount="0"/>
      <line num="25" count="5" type="cond" truecount="2" falsecount="0"/>
      <line num="27" count="4" type="cond" truecount="2" falsecount="0"/>
      <line num="29" count="2" type="stmt"/>
      <line num="35" count="8" type="cond" truecount="2" falsecount="0"/>
      <line num="37" count="7" type="stmt"/>
      <line num="39" count="7" type="cond" truecount="2" falsecount="0"/>
      <line num="43" count="5" type="cond" truecount="2" falsecount="0"/>
      <line num="45" count="3" type="cond" truecount="1" falsecount="1"/>
      <line num="46" count="3" type="stmt"/>
      <line num="50" count="5" type="cond" truecount="2" falsecount="0"/>
      <line num="52" count="2" type="cond" truecount="1" falsecount="1"/>
      <line num="53" count="2" type="stmt"/>
      <line num="60" count="13" type="cond" truecount="2" falsecount="0"/>
      <line num="61" count="11" type="stmt"/>
      <line num="64" count="13" type="cond" truecount="2" falsecount="0"/>
      <line num="66" count="5" type="cond" truecount="2" falsecount="0"/>
      <line num="68" count="4" type="cond" truecount="2" falsecount="0"/>
      <line num="73" count="3" type="cond" truecount="1" falsecount="1"/>
      <line num="74" count="3" type="cond" truecount="2" falsecount="0"/>
      <line num="75" count="1" type="stmt"/>
      <line num="81" count="1" type="stmt"/>
      <line num="94" count="13" type="stmt"/>
      <line num="98" count="1" type="stmt"/>
    </file>
  </project>
</coverage>
