{"/Users/johnnywu/Documents/take-home-interview/js-jest/src/gilded_rose.js": {"path":"/Users/johnnywu/Documents/take-home-interview/js-jest/src/gilded_rose.js","statementMap":{"0":{"start":{"line":3,"column":4},"end":{"line":3,"column":21}},"1":{"start":{"line":4,"column":4},"end":{"line":4,"column":25}},"2":{"start":{"line":5,"column":4},"end":{"line":5,"column":27}},"3":{"start":{"line":11,"column":4},"end":{"line":11,"column":23}},"4":{"start":{"line":14,"column":4},"end":{"line":92,"column":5}},"5":{"start":{"line":14,"column":17},"end":{"line":14,"column":18}},"6":{"start":{"line":15,"column":6},"end":{"line":17,"column":7}},"7":{"start":{"line":16,"column":8},"end":{"line":16,"column":31}},"8":{"start":{"line":20,"column":6},"end":{"line":58,"column":7}},"9":{"start":{"line":25,"column":8},"end":{"line":31,"column":9}},"10":{"start":{"line":27,"column":10},"end":{"line":30,"column":11}},"11":{"start":{"line":29,"column":12},"end":{"line":29,"column":62}},"12":{"start":{"line":35,"column":8},"end":{"line":57,"column":9}},"13":{"start":{"line":37,"column":10},"end":{"line":37,"column":60}},"14":{"start":{"line":39,"column":10},"end":{"line":56,"column":11}},"15":{"start":{"line":43,"column":12},"end":{"line":48,"column":13}},"16":{"start":{"line":45,"column":14},"end":{"line":47,"column":15}},"17":{"start":{"line":46,"column":16},"end":{"line":46,"column":66}},"18":{"start":{"line":50,"column":12},"end":{"line":55,"column":13}},"19":{"start":{"line":52,"column":14},"end":{"line":54,"column":15}},"20":{"start":{"line":53,"column":16},"end":{"line":53,"column":66}},"21":{"start":{"line":60,"column":6},"end":{"line":62,"column":7}},"22":{"start":{"line":61,"column":8},"end":{"line":61,"column":56}},"23":{"start":{"line":64,"column":6},"end":{"line":91,"column":7}},"24":{"start":{"line":66,"column":8},"end":{"line":90,"column":9}},"25":{"start":{"line":68,"column":10},"end":{"line":83,"column":11}},"26":{"start":{"line":73,"column":12},"end":{"line":77,"column":13}},"27":{"start":{"line":74,"column":14},"end":{"line":76,"column":15}},"28":{"start":{"line":75,"column":16},"end":{"line":75,"column":66}},"29":{"start":{"line":81,"column":12},"end":{"line":82,"column":60}},"30":{"start":{"line":94,"column":4},"end":{"line":94,"column":22}},"31":{"start":{"line":98,"column":0},"end":{"line":101,"column":2}}},"fnMap":{"0":{"name":"(anonymous_0)","decl":{"start":{"line":2,"column":2},"end":{"line":2,"column":3}},"loc":{"start":{"line":2,"column":37},"end":{"line":6,"column":3}},"line":2},"1":{"name":"(anonymous_1)","decl":{"start":{"line":10,"column":2},"end":{"line":10,"column":3}},"loc":{"start":{"line":10,"column":26},"end":{"line":12,"column":3}},"line":10},"2":{"name":"(anonymous_2)","decl":{"start":{"line":13,"column":2},"end":{"line":13,"column":3}},"loc":{"start":{"line":13,"column":18},"end":{"line":95,"column":3}},"line":13}},"branchMap":{"0":{"loc":{"start":{"line":10,"column":14},"end":{"line":10,"column":24}},"type":"default-arg","locations":[{"start":{"line":10,"column":22},"end":{"line":10,"column":24}}],"line":10},"1":{"loc":{"start":{"line":15,"column":6},"end":{"line":17,"column":7}},"type":"if","locations":[{"start":{"line":15,"column":6},"end":{"line":17,"column":7}},{"start":{"line":15,"column":6},"end":{"line":17,"column":7}}],"line":15},"2":{"loc":{"start":{"line":20,"column":6},"end":{"line":58,"column":7}},"type":"if","locations":[{"start":{"line":20,"column":6},"end":{"line":58,"column":7}},{"start":{"line":20,"column":6},"end":{"line":58,"column":7}}],"line":20},"3":{"loc":{"start":{"line":21,"column":8},"end":{"line":22,"column":73}},"type":"binary-expr","locations":[{"start":{"line":21,"column":8},"end":{"line":21,"column":41}},{"start":{"line":22,"column":8},"end":{"line":22,"column":73}}],"line":21},"4":{"loc":{"start":{"line":25,"column":8},"end":{"line":31,"column":9}},"type":"if","locations":[{"start":{"line":25,"column":8},"end":{"line":31,"column":9}},{"start":{"line":25,"column":8},"end":{"line":31,"column":9}}],"line":25},"5":{"loc":{"start":{"line":27,"column":10},"end":{"line":30,"column":11}},"type":"if","locations":[{"start":{"line":27,"column":10},"end":{"line":30,"column":11}},{"start":{"line":27,"column":10},"end":{"line":30,"column":11}}],"line":27},"6":{"loc":{"start":{"line":35,"column":8},"end":{"line":57,"column":9}},"type":"if","locations":[{"start":{"line":35,"column":8},"end":{"line":57,"column":9}},{"start":{"line":35,"column":8},"end":{"line":57,"column":9}}],"line":35},"7":{"loc":{"start":{"line":39,"column":10},"end":{"line":56,"column":11}},"type":"if","locations":[{"start":{"line":39,"column":10},"end":{"line":56,"column":11}},{"start":{"line":39,"column":10},"end":{"line":56,"column":11}}],"line":39},"8":{"loc":{"start":{"line":43,"column":12},"end":{"line":48,"column":13}},"type":"if","locations":[{"start":{"line":43,"column":12},"end":{"line":48,"column":13}},{"start":{"line":43,"column":12},"end":{"line":48,"column":13}}],"line":43},"9":{"loc":{"start":{"line":45,"column":14},"end":{"line":47,"column":15}},"type":"if","locations":[{"start":{"line":45,"column":14},"end":{"line":47,"column":15}},{"start":{"line":45,"column":14},"end":{"line":47,"column":15}}],"line":45},"10":{"loc":{"start":{"line":50,"column":12},"end":{"line":55,"column":13}},"type":"if","locations":[{"start":{"line":50,"column":12},"end":{"line":55,"column":13}},{"start":{"line":50,"column":12},"end":{"line":55,"column":13}}],"line":50},"11":{"loc":{"start":{"line":52,"column":14},"end":{"line":54,"column":15}},"type":"if","locations":[{"start":{"line":52,"column":14},"end":{"line":54,"column":15}},{"start":{"line":52,"column":14},"end":{"line":54,"column":15}}],"line":52},"12":{"loc":{"start":{"line":60,"column":6},"end":{"line":62,"column":7}},"type":"if","locations":[{"start":{"line":60,"column":6},"end":{"line":62,"column":7}},{"start":{"line":60,"column":6},"end":{"line":62,"column":7}}],"line":60},"13":{"loc":{"start":{"line":64,"column":6},"end":{"line":91,"column":7}},"type":"if","locations":[{"start":{"line":64,"column":6},"end":{"line":91,"column":7}},{"start":{"line":64,"column":6},"end":{"line":91,"column":7}}],"line":64},"14":{"loc":{"start":{"line":66,"column":8},"end":{"line":90,"column":9}},"type":"if","locations":[{"start":{"line":66,"column":8},"end":{"line":90,"column":9}},{"start":{"line":66,"column":8},"end":{"line":90,"column":9}}],"line":66},"15":{"loc":{"start":{"line":68,"column":10},"end":{"line":83,"column":11}},"type":"if","locations":[{"start":{"line":68,"column":10},"end":{"line":83,"column":11}},{"start":{"line":68,"column":10},"end":{"line":83,"column":11}}],"line":68},"16":{"loc":{"start":{"line":73,"column":12},"end":{"line":77,"column":13}},"type":"if","locations":[{"start":{"line":73,"column":12},"end":{"line":77,"column":13}},{"start":{"line":73,"column":12},"end":{"line":77,"column":13}}],"line":73},"17":{"loc":{"start":{"line":74,"column":14},"end":{"line":76,"column":15}},"type":"if","locations":[{"start":{"line":74,"column":14},"end":{"line":76,"column":15}},{"start":{"line":74,"column":14},"end":{"line":76,"column":15}}],"line":74}},"s":{"0":13,"1":13,"2":13,"3":13,"4":13,"5":13,"6":13,"7":2,"8":13,"9":5,"10":4,"11":2,"12":8,"13":7,"14":7,"15":5,"16":3,"17":3,"18":5,"19":2,"20":2,"21":13,"22":11,"23":13,"24":5,"25":4,"26":3,"27":3,"28":1,"29":1,"30":13,"31":1},"f":{"0":13,"1":13,"2":13},"b":{"0":[0],"1":[2,11],"2":[5,8],"3":[13,10],"4":[4,1],"5":[2,2],"6":[7,1],"7":[5,2],"8":[3,2],"9":[3,0],"10":[2,3],"11":[2,0],"12":[11,2],"13":[5,8],"14":[4,1],"15":[3,1],"16":[3,0],"17":[1,2]},"_coverageSchema":"43e27e138ebf9cfc5966b082cf9a028302ed4184","hash":"23d5f0538d0eefba87b502096cddbfde03e9b59e"}
}
